CORE
ArrayIndexOutOfBoundsExceptionTest
--throw-runtime-exceptions
^EXIT=10$
^SIGNAL=0$
^.*assertion at file ArrayIndexOutOfBoundsExceptionTest.java line 8 function.*: FAILURE$
^VERIFICATION FAILED$
--
^warning: ignoring
