CORE
test
--function test.main
^EXIT=10$
^SIGNAL=0$
VERIFICATION FAILED
assertion at file test\.java line 10 .* FAILURE
--
