CORE
test
--function test.main
^EXIT=10$
^SIGNAL=0$
^VERIFICATION FAILED$
assertion at file test.java line 37 .*: FAILURE
assertion at file test.java line 45 .*: FAILURE
assertion at file test.java line 49 .*: FAILURE
assertion at file test.java line 53 .*: FAILURE
assertion at file test.java line 57 .*: FAILURE
assertion at file test.java line 41 .*: SUCCESS
assertion at file test.java line 61 .*: FAILURE
assertion at file test.java line 69 .*: FAILURE
assertion at file test.java line 73 .*: FAILURE
assertion at file test.java line 77 .*: FAILURE
assertion at file test.java line 81 .*: FAILURE
assertion at file test.java line 65 .*: SUCCESS
--
^warning: ignoring
