CORE
test_init.class
--max-nondet-string-length 1000 --function test_init.main --cp `../../../../scripts/format_classpath.sh . ../../../lib/java-models-library/target/core-models.jar`
^EXIT=10$
^SIGNAL=0$
assertion.* file test_init.java line 31 .* SUCCESS$
assertion.* file test_init.java line 33 .* SUCCESS$
assertion.* file test_init.java line 35 .* FAILURE$
assertion.* file test_init.java line 37 .* FAILURE$
