CORE
Test4
--max-nondet-string-length 1000 --cp `../../../../scripts/format_classpath.sh . ../../../lib/java-models-library/target/core-models.jar ../../../lib/java-models-library/target/cprover-api.jar` --function Test4.main --trace
^EXIT=10$
^SIGNAL=0$
^\[.*assertion.1\].* line 6.* FAILURE$
^\[.*assertion.2\].* line 9.* FAILURE$
dynamic_object2=\{ '5', '0' \}
dynamic_object2=\{ 'X', 'Y', 'Z', 'W' \}
--
non equal types
