CORE
NegativeArraySizeExceptionTest
--throw-runtime-exceptions
^EXIT=10$
^SIGNAL=0$
^.*assertion at file NegativeArraySizeExceptionTest.java line 7 function.*: FAILURE$
^VERIFICATION FAILED$
--
^warning: ignoring
