CORE
test_append_char.class
--max-nondet-string-length 1000 --function test_append_char.main --cp `../../../../scripts/format_classpath.sh . ../../../lib/java-models-library/target/core-models.jar`
^EXIT=10$
^SIGNAL=0$
^VERIFICATION FAILED$
^\[.*assertion\.1\].* line 16.* SUCCESS$
^\[.*assertion\.2\].* line 18.* FAILURE$
--
