CORE symex-driven-lazy-loading-expected-failure
Test
--function Test.testException --cp `../../../../scripts/format_classpath.sh . ../../../lib/java-models-library/target/core-models.jar` --property 'java::Test.testException:()V.1'
^Generated [0-9]+ VCC\(s\), 1 remaining after simplification$
^EXIT=10$
^SIGNAL=0$
^VERIFICATION FAILED$
no uncaught exception: FAILURE$
--
--
