CORE
Test.class
--java-throw-runtime-exceptions
^EXIT=10$
^SIGNAL=0$
^.*assertion at file Test.java line 15 function.*: FAILURE$
^VERIFICATION FAILED$
--
^warning: ignoring
